<?xml version="1.0" encoding="UTF-8"?>
<!-- Generated by org.testng.reporters.JUnitReportReporter -->
<testsuite hostname="yulia" name="selenium_java_training_PO.DeleteMoviePO" tests="2" failures="0" timestamp="10 Apr 2016 20:57:57 GMT" time="30.017" errors="0">
  <testcase name="testCancelDeleteMovie" time="14.498" classname="selenium_java_training_PO.DeleteMoviePO"/>
  <testcase name="testDeleteMovie" time="15.519" classname="selenium_java_training_PO.DeleteMoviePO"/>
</testsuite> <!-- selenium_java_training_PO.DeleteMoviePO -->
