<?xml version="1.0" encoding="UTF-8"?>
<!-- Generated by org.testng.reporters.JUnitReportReporter -->
<testsuite hostname="yulia" name="selenium_java_training_PO.SearchPO" tests="2" failures="0" timestamp="10 Apr 2016 22:11:40 GMT" time="24.897" errors="0">
  <testcase name="testNegativeSearch" time="2.377" classname="selenium_java_training_PO.SearchPO"/>
  <testcase name="testPositiveSearch" time="22.520" classname="selenium_java_training_PO.SearchPO"/>
</testsuite> <!-- selenium_java_training_PO.SearchPO -->
