<?xml version="1.0" encoding="UTF-8"?>
<!-- Generated by org.testng.reporters.JUnitReportReporter -->
<testsuite hostname="yulia" name="slenium_java_training_ymbelyakova.PositiveSearch" tests="1" failures="0" timestamp="31 Mar 2016 10:11:08 GMT" time="37.965" errors="0">
  <testcase name="testPositiveSearch" time="37.965" classname="slenium_java_training_ymbelyakova.PositiveSearch"/>
</testsuite> <!-- slenium_java_training_ymbelyakova.PositiveSearch -->
