<?xml version="1.0" encoding="UTF-8"?>
<!-- Generated by org.testng.reporters.JUnitReportReporter -->
<testsuite hostname="yulia" name="selenium_java_training.LoginTest" tests="1" failures="0" timestamp="22 Mar 2016 18:02:39 GMT" time="3.876" errors="0">
  <testcase name="testLoginTestHTML" time="3.876" classname="selenium_java_training.LoginTest"/>
</testsuite> <!-- selenium_java_training.LoginTest -->
