<?xml version="1.0" encoding="UTF-8"?>
<!-- Generated by org.testng.reporters.JUnitReportReporter -->
<testsuite hostname="yulia" name="slenium_java_training_ymbelyakova.Different" tests="1" failures="0" timestamp="31 Mar 2016 09:54:59 GMT" time="16.906" errors="0">
  <testcase name="testDifferent" time="16.906" classname="slenium_java_training_ymbelyakova.Different"/>
</testsuite> <!-- slenium_java_training_ymbelyakova.Different -->
