<?xml version="1.0" encoding="UTF-8"?>
<!-- Generated by org.testng.reporters.JUnitReportReporter -->
<testsuite hostname="yulia" name="slenium_java_training_ymbelyakova.Different" tests="1" failures="0" timestamp="31 Mar 2016 14:39:43 GMT" time="10.918" errors="0">
  <testcase name="testDifferent" time="10.918" classname="slenium_java_training_ymbelyakova.Different"/>
</testsuite> <!-- slenium_java_training_ymbelyakova.Different -->
