<?xml version="1.0" encoding="UTF-8"?>
<!-- Generated by org.testng.reporters.JUnitReportReporter -->
<testsuite hostname="yulia" name="slenium_java_training_ymbelyakova.NewMovie" tests="1" failures="0" timestamp="28 Mar 2016 20:50:27 GMT" time="11.061" errors="0">
  <testcase name="testNewMovie" time="11.061" classname="slenium_java_training_ymbelyakova.NewMovie"/>
</testsuite> <!-- slenium_java_training_ymbelyakova.NewMovie -->
