<?xml version="1.0" encoding="UTF-8"?>
<!-- Generated by org.testng.reporters.JUnitReportReporter -->
<testsuite hostname="yulia" name="slenium_java_training_ymbelyakova.FindAndAdd2" tests="1" failures="0" timestamp="28 Mar 2016 20:50:27 GMT" time="8.419" errors="0">
  <testcase name="testFindAndAdd2" time="8.419" classname="slenium_java_training_ymbelyakova.FindAndAdd2"/>
</testsuite> <!-- slenium_java_training_ymbelyakova.FindAndAdd2 -->
