<?xml version="1.0" encoding="UTF-8"?>
<!-- Generated by org.testng.reporters.JUnitReportReporter -->
<testsuite hostname="yulia" name="selenium_java_training_PO.DeleteMoviePO" tests="2" failures="0" timestamp="10 Apr 2016 22:13:59 GMT" time="29.018" errors="0">
  <testcase name="testDeleteMovie" time="14.981" classname="selenium_java_training_PO.DeleteMoviePO"/>
  <testcase name="testCancelDeleteMovie" time="14.037" classname="selenium_java_training_PO.DeleteMoviePO"/>
</testsuite> <!-- selenium_java_training_PO.DeleteMoviePO -->
