<?xml version="1.0" encoding="UTF-8"?>
<!-- Generated by org.testng.reporters.JUnitReportReporter -->
<testsuite hostname="yulia" name="slenium_java_training_ymbelyakova.NewMovie" tests="1" failures="0" timestamp="31 Mar 2016 21:09:10 GMT" time="12.386" errors="0">
  <testcase name="testNewMovie" time="12.386" classname="slenium_java_training_ymbelyakova.NewMovie"/>
</testsuite> <!-- slenium_java_training_ymbelyakova.NewMovie -->
