<?xml version="1.0" encoding="UTF-8"?>
<!-- Generated by org.testng.reporters.JUnitReportReporter -->
<testsuite hostname="yulia" name="slenium_java_training_ymbelyakova.DeleteMovie2" tests="1" failures="0" timestamp="28 Mar 2016 20:50:27 GMT" time="2.105" errors="0">
  <testcase name="testDeleteMovie" time="2.105" classname="slenium_java_training_ymbelyakova.DeleteMovie2"/>
</testsuite> <!-- slenium_java_training_ymbelyakova.DeleteMovie2 -->
