<?xml version="1.0" encoding="UTF-8"?>
<!-- Generated by org.testng.reporters.JUnitReportReporter -->
<testsuite hostname="yulia" name="slenium_java_training_ymbelyakova.Different" tests="1" failures="0" timestamp="29 Mar 2016 13:08:41 GMT" time="9.922" errors="0">
  <testcase name="testDifferent" time="9.922" classname="slenium_java_training_ymbelyakova.Different"/>
</testsuite> <!-- slenium_java_training_ymbelyakova.Different -->
