<?xml version="1.0" encoding="UTF-8"?>
<!-- Generated by org.testng.reporters.JUnitReportReporter -->
<testsuite hostname="yulia" name="slenium_java_training_ymbelyakova.LoginTest" tests="1" failures="0" timestamp="4 Apr 2016 09:09:31 GMT" time="2.515" errors="0">
  <testcase name="testLoginTestHTML" time="2.515" classname="slenium_java_training_ymbelyakova.LoginTest"/>
</testsuite> <!-- slenium_java_training_ymbelyakova.LoginTest -->
