<?xml version="1.0" encoding="UTF-8"?>
<!-- Generated by org.testng.reporters.JUnitReportReporter -->
<testsuite hostname="yulia" name="selenium_java_training.LoginTest" tests="1" failures="0" timestamp="23 Mar 2016 09:30:06 GMT" time="4.997" errors="0">
  <testcase name="testLoginTestHTML" time="4.997" classname="selenium_java_training.LoginTest"/>
</testsuite> <!-- selenium_java_training.LoginTest -->
