<?xml version="1.0" encoding="UTF-8"?>
<!-- Generated by org.testng.reporters.JUnitReportReporter -->
<testsuite hostname="yulia" name="slenium_java_training_ymbelyakova.LoginTest" tests="1" failures="0" timestamp="31 Mar 2016 21:09:10 GMT" time="3.267" errors="0">
  <testcase name="testLoginTestHTML" time="3.267" classname="slenium_java_training_ymbelyakova.LoginTest"/>
</testsuite> <!-- slenium_java_training_ymbelyakova.LoginTest -->
