<?xml version="1.0" encoding="UTF-8"?>
<!-- Generated by org.testng.reporters.JUnitReportReporter -->
<testsuite hostname="yulia" name="slenium_java_training_ymbelyakova.PositiveSearch" tests="1" failures="0" timestamp="29 Mar 2016 13:08:41 GMT" time="1.006" errors="0">
  <testcase name="testPositiveSearch" time="1.006" classname="slenium_java_training_ymbelyakova.PositiveSearch"/>
</testsuite> <!-- slenium_java_training_ymbelyakova.PositiveSearch -->
