<?xml version="1.0" encoding="UTF-8"?>
<!-- Generated by org.testng.reporters.JUnitReportReporter -->
<testsuite hostname="yulia" name="slenium_java_training_ymbelyakova.FindAndAdd" tests="1" failures="0" timestamp="31 Mar 2016 21:09:10 GMT" time="9.444" errors="0">
  <testcase name="testFindAndAdd" time="9.444" classname="slenium_java_training_ymbelyakova.FindAndAdd"/>
</testsuite> <!-- slenium_java_training_ymbelyakova.FindAndAdd -->
