<?xml version="1.0" encoding="UTF-8"?>
<!-- Generated by org.testng.reporters.JUnitReportReporter -->
<testsuite hostname="yulia" name="slenium_java_training_ymbelyakova.NegativeSearch" tests="1" failures="0" timestamp="31 Mar 2016 13:14:53 GMT" time="1.456" errors="0">
  <testcase name="testNegativeSearch" time="1.456" classname="slenium_java_training_ymbelyakova.NegativeSearch"/>
</testsuite> <!-- slenium_java_training_ymbelyakova.NegativeSearch -->
