<?xml version="1.0" encoding="UTF-8"?>
<!-- Generated by org.testng.reporters.JUnitReportReporter -->
<testsuite hostname="yulia" name="slenium_java_training_ymbelyakova.LoginTest" tests="1" failures="0" timestamp="10 Apr 2016 12:51:27 GMT" time="4.774" errors="0">
  <testcase name="testLoginTestHTML" time="4.774" classname="slenium_java_training_ymbelyakova.LoginTest"/>
</testsuite> <!-- slenium_java_training_ymbelyakova.LoginTest -->
