<?xml version="1.0" encoding="UTF-8"?>
<!-- Generated by org.testng.reporters.JUnitReportReporter -->
<testsuite hostname="yulia" name="slenium_java_training_ymbelyakova.ComplexSearch" tests="1" failures="0" timestamp="4 Apr 2016 09:09:31 GMT" time="4.771" errors="0">
  <testcase name="testComplexSearch" time="4.771" classname="slenium_java_training_ymbelyakova.ComplexSearch"/>
</testsuite> <!-- slenium_java_training_ymbelyakova.ComplexSearch -->
